2024-04-10 16:49:58,709 - INFO - The CSRF token is missing.
2024-04-10 16:51:03,524 - INFO - Inicio de sesión con el correo Pedro@gmail.com
2024-04-10 17:01:41,343 - INFO - Inicio de sesión con el correo Pedro@gmail.com
2024-04-10 17:08:13,920 - INFO - Inicio de sesión con el correo Pedro@gmail.com
2024-04-10 17:08:52,960 - INFO - Inicio de sesión con el correo Pedro@gmail.com
2024-04-10 17:10:05,051 - INFO - Inicio de sesión con el correo Pedro@gmail.com
2024-04-10 17:22:23,693 - INFO - Inicio de sesión con el correo Pedro@gmail.com
2024-04-10 17:27:59,744 - INFO - Inicio de sesión con el correo Pedro@gmail.com
2024-04-10 17:29:28,054 - INFO - Inicio de sesión con el correo Pedro@gmail.com
2024-04-10 17:29:52,251 - INFO - Inicio de sesión con el correo Pedro@gmail.com
2024-04-10 17:30:30,517 - INFO - Inicio de sesión con el correo Pedro@gmail.com
2024-04-10 17:38:19,053 - INFO - Inicio de sesión con el correo Pedro@gmail.com
2024-04-10 17:44:57,052 - INFO - Inicio de sesión con el correo Pedro@gmail.com
2024-04-10 17:49:26,886 - INFO - Inicio de sesión con el correo Angel@gmail.com
2024-04-10 17:56:24,563 - INFO - The CSRF token is missing.
2024-04-10 18:10:36,341 - INFO - Inicio de sesión con el correo Pedro@gmail.com
2024-04-10 18:11:02,776 - INFO - Inicio de sesión con el correo Pedro@gmail.com
2024-04-10 18:11:14,332 - INFO - Inicio de sesión con el correo Pedro@gmail.com
2024-04-10 18:11:23,469 - INFO - Inicio de sesión con el correo Pedro@gmail.com
2024-04-10 18:11:58,970 - INFO - Inicio de sesión con el correo Pedro@gmail.com
2024-04-10 18:13:11,082 - INFO - Inicio de sesión con el correo Pedro@gmail.com
2024-04-10 18:14:50,330 - INFO - Inicio de sesión con el correo Pedro@gmail.com
2024-04-10 18:16:10,772 - INFO - Inicio de sesión con el correo Pedro@gmail.com
2024-04-10 19:23:26,368 - INFO - Inicio de sesión con el correo Pedro@gmail.com
2024-04-10 19:23:38,035 - INFO - The CSRF token is missing.
2024-04-10 20:30:42,720 - INFO - Inicio de sesión con el correo Pedro@gmail.com
2024-04-11 15:43:42,388 - INFO - Inicio de sesión con el correo Pedro@gmail.com
2024-04-11 19:43:10,612 - INFO - Inicio de sesión con el correo Pedro@gmail.com
2024-04-11 19:43:24,374 - INFO - Inicio de sesión con el correo Pedro@gmail.com
2024-04-12 20:53:56,019 - INFO - Inicio de sesión con el correo Pedro@gmail.com
2024-04-12 20:54:12,482 - INFO - Inicio de sesión con el correo Pedro@gmail.com
2024-04-12 21:08:47,750 - INFO - Inicio de sesión con el correo Pedro@gmail.com
2024-04-12 21:10:27,603 - INFO - Inicio de sesión con el correo Pedro@gmail.com
2024-04-12 21:11:13,402 - INFO - Inicio de sesión con el correo Pedro@gmail.com
2024-04-12 21:12:11,829 - INFO - Inicio de sesión con el correo Pedro@gmail.com
2024-04-12 21:14:22,891 - INFO - Inicio de sesión con el correo David@gmail.com
2024-04-14 19:40:39,007 - INFO - Inicio de sesión con el correo Pedro@gmail.com
2024-04-14 19:50:31,189 - INFO - Inicio de sesión con el correo Pedro@gmail.com
2024-04-14 19:51:28,663 - INFO - Inicio de sesión con el correo Pedro@gmail.com
2024-04-14 19:54:02,946 - INFO - Inicio de sesión con el correo Pedro@gmail.com
2024-04-14 19:55:03,682 - INFO - Inicio de sesión con el correo Pedro@gmail.com
2024-04-14 19:55:39,832 - INFO - Inicio de sesión con el correo Pedro@gmail.com
2024-04-14 19:56:11,715 - INFO - Inicio de sesión con el correo Pedro@gmail.com
2024-04-14 19:58:08,143 - INFO - Inicio de sesión con el correo Pedro@gmail.com
2024-04-14 19:58:57,647 - INFO - Inicio de sesión con el correo Pedro@gmail.com
2024-04-14 20:10:31,765 - INFO - Inicio de sesión con el correo Pedro@gmail.com
2024-04-14 20:13:07,666 - INFO - Inicio de sesión con el correo Pedro@gmail.com
2024-04-14 20:34:40,114 - INFO - Inicio de sesión con el correo Pedro@gmail.com
2024-04-14 20:36:47,274 - INFO - Inicio de sesión con el correo Pedro@gmail.com
2024-04-14 21:02:02,487 - INFO - Inicio de sesión con el correo Pedro@gmail.com
2024-04-14 21:03:40,625 - INFO - Inicio de sesión con el correo Pedro@gmail.com
2024-04-14 21:08:34,714 - INFO - Inicio de sesión con el correo Pedro@gmail.com
2024-04-14 21:09:24,528 - INFO - Inicio de sesión con el correo Pedro@gmail.com
2024-04-14 21:11:11,417 - INFO - Inicio de sesión con el correo Pedro@gmail.com
2024-04-14 21:12:26,468 - INFO - Inicio de sesión con el correo Pedro@gmail.com
2024-04-14 21:12:47,477 - INFO - Inicio de sesión con el correo Pedro@gmail.com
2024-04-14 21:14:11,009 - INFO - Inicio de sesión con el correo Pedro@gmail.com
2024-04-14 21:15:05,852 - INFO - Inicio de sesión con el correo Pedro@gmail.com
2024-04-14 21:15:24,055 - INFO - Inicio de sesión con el correo Pedro@gmail.com
2024-04-14 22:01:19,870 - INFO - Inicio de sesión con el correo Pedro@gmail.com
2024-04-14 22:01:57,789 - INFO - Inicio de sesión con el correo Angel@gmail.com
2024-04-14 22:03:43,746 - INFO - Inicio de sesión con el correo Angel@gmail.com
2024-04-14 23:01:20,564 - INFO - Inicio de sesión con el correo Pedro@gmail.com
2024-04-14 23:02:49,756 - INFO - Inicio de sesión con el correo Pedro@gmail.com
2024-04-14 23:03:44,602 - INFO - Inicio de sesión con el correo Angel@gmail.com
2024-04-14 23:05:05,136 - INFO - Inicio de sesión con el correo Angel@gmail.com
2024-04-14 23:07:14,161 - INFO - Inicio de sesión con el correo Angel@gmail.com
2024-04-14 23:07:36,252 - INFO - Inicio de sesión con el correo Pedro@gmail.com
2024-04-14 23:08:57,905 - INFO - Inicio de sesión con el correo Pedro@gmail.com
2024-04-14 23:09:11,983 - INFO - Inicio de sesión con el correo Angel@gmail.com
2024-04-14 23:13:48,713 - INFO - Inicio de sesión con el correo Pedro@gmail.com
2024-04-14 23:14:11,576 - INFO - Inicio de sesión con el correo Pedro@gmail.com
2024-04-14 23:14:29,459 - INFO - Inicio de sesión con el correo Pedro@gmail.com
2024-04-14 23:14:46,639 - INFO - Inicio de sesión con el correo Angel@gmail.com
2024-04-14 23:19:31,905 - INFO - Inicio de sesión con el correo Pedro@gmail.com
2024-04-14 23:20:13,722 - INFO - Inicio de sesión con el correo Angel@gmail.com
2024-04-15 10:53:09,978 - INFO - Inicio de sesión con el correo Pedro@gmail.com
2024-04-15 10:53:37,237 - INFO - Inicio de sesión con el correo Pedro@gmail.com
2024-04-15 16:13:51,267 - INFO - Inicio de sesión con el correo Pedro@gmail.com
2024-04-15 16:14:06,798 - INFO - Inicio de sesión con el correo Angel@gmail.com
2024-04-15 16:23:05,751 - INFO - Inicio de sesión con el correo Pedro@gmail.com
2024-04-15 17:26:32,918 - INFO - Inicio de sesión con el correo Pedro@gmail.com
2024-04-15 17:28:49,404 - INFO - Inicio de sesión con el correo Pedro@gmail.com
2024-04-15 17:29:11,522 - INFO - Inicio de sesión con el correo Angel@gmail.com
2024-04-15 17:33:06,479 - INFO - Inicio de sesión con el correo Pedro@gmail.com
2024-04-15 17:36:48,490 - INFO - Inicio de sesión con el correo Pedro@gmail.com
2024-04-15 18:58:48,725 - INFO - Inicio de sesión con el correo Pedro@gmail.com
2024-04-15 19:04:33,916 - INFO - Inicio de sesión con el correo Pedro@gmail.com
2024-04-15 19:05:06,535 - INFO - Inicio de sesión con el correo Angel@gmail.com
2024-04-15 19:06:46,473 - INFO - Inicio de sesión con el correo Pedro@gmail.com
2024-04-15 19:07:57,687 - INFO - Inicio de sesión con el correo Pedro@gmail.com
2024-04-15 19:08:21,130 - INFO - Inicio de sesión con el correo Angel@gmail.com
2024-04-15 19:13:15,230 - INFO - Inicio de sesión con el correo Pedro@gmail.com
2024-04-15 19:13:28,912 - INFO - Inicio de sesión con el correo Angel@gmail.com
2024-04-15 19:21:43,259 - INFO - Inicio de sesión con el correo Pedro@gmail.com
2024-04-15 19:59:55,315 - INFO - Inicio de sesión con el correo Pedro@gmail.com
2024-04-15 20:13:50,643 - INFO - The CSRF token is missing.
2024-04-17 13:39:59,089 - INFO - Inicio de sesión con el correo Pedro@gmail.com
2024-04-17 13:49:21,657 - INFO - Inicio de sesión con el correo Pedro@gmail.com
2024-04-17 13:50:29,550 - INFO - Inicio de sesión con el correo Angel@gmail.com
2024-04-17 13:56:02,616 - INFO - Inicio de sesión con el correo Angel@gmail.com
2024-04-17 13:57:26,498 - INFO - Inicio de sesión con el correo Angel@gmail.com
2024-04-17 13:57:37,275 - INFO - Inicio de sesión con el correo Pedro@gmail.com
2024-04-17 13:58:10,236 - INFO - Inicio de sesión con el correo julian@gmail.com
2024-04-17 14:00:10,611 - INFO - Inicio de sesión con el correo julian@gmail.com
2024-04-17 14:01:24,506 - INFO - Inicio de sesión con el correo julian@gmail.com
2024-04-17 14:02:52,084 - INFO - Inicio de sesión con el correo julian@gmail.com
2024-04-17 14:06:30,850 - INFO - Inicio de sesión con el correo Pedro@gmail.com
2024-04-17 14:07:15,302 - INFO - Inicio de sesión con el correo juan@gmail.com
2024-04-17 14:07:32,933 - INFO - Inicio de sesión con el correo juan@gmail.com
2024-04-17 14:18:39,789 - INFO - Inicio de sesión con el correo Pedro@gmail.com
2024-04-17 14:21:50,948 - INFO - Inicio de sesión con el correo Angel@gmail.com
2024-04-17 14:34:01,639 - INFO - Inicio de sesión con el correo Pedro@gmail.com
2024-04-17 14:59:37,366 - INFO - Inicio de sesión con el correo Pedro@gmail.com
2024-04-17 16:48:58,166 - INFO - Inicio de sesión con el correo Angel@gmail.com
2024-04-17 16:49:25,101 - INFO - Inicio de sesión con el correo Pedro@gmail.com
2024-04-17 16:54:15,662 - INFO - Inicio de sesión con el correo Pedro@gmail.com
2024-04-18 14:05:22,422 - INFO - Inicio de sesión con el correo Pedro@gmail.com
2024-04-18 14:17:52,814 - INFO - The CSRF token is missing.
2024-04-18 14:55:02,204 - INFO - Inicio de sesión con el correo Pedro@gmail.com
2024-04-18 15:09:13,789 - INFO - Inicio de sesión con el correo Angel@gmail.com
2024-04-18 15:12:36,334 - INFO - Inicio de sesión con el correo Pedro@gmail.com
2024-04-18 15:14:29,909 - INFO - Inicio de sesión con el correo juan@gmail.com
2024-04-18 15:15:31,622 - INFO - Inicio de sesión con el correo juan@gmail.com
2024-04-18 15:18:01,143 - INFO - Inicio de sesión con el correo Pedro@gmail.com
2024-04-18 15:19:29,173 - INFO - Inicio de sesión con el correo juan@gmail.com
2024-04-18 15:20:27,948 - INFO - Inicio de sesión con el correo Pedro@gmail.com
2024-04-18 15:21:47,188 - INFO - Inicio de sesión con el correo juan@gmail.com
2024-04-18 15:22:41,280 - INFO - Inicio de sesión con el correo juan@gmail.com
2024-04-18 15:36:58,836 - INFO - Inicio de sesión con el correo juan@gmail.com
2024-04-18 15:40:38,792 - INFO - Inicio de sesión con el correo Pedro@gmail.com
2024-04-18 19:39:26,045 - INFO - Inicio de sesión con el correo Pedro@gmail.com
2024-04-19 11:18:41,958 - INFO - Inicio de sesión con el correo Pedro@gmail.com
2024-04-19 13:32:34,085 - INFO - Inicio de sesión con el correo Pedro@gmail.com
2024-04-19 16:09:45,741 - INFO - Inicio de sesión con el correo Pedro@gmail.com
2024-04-19 16:10:36,164 - INFO - Inicio de sesión con el correo juan@gmail.com
2024-04-19 16:12:34,511 - INFO - Inicio de sesión con el correo juan@gmail.com
2024-04-19 16:18:56,972 - INFO - Inicio de sesión con el correo Pedro@gmail.com
2024-04-20 21:33:48,494 - INFO - Inicio de sesión con el correo Pedro@gmail.com
2024-04-20 23:07:03,372 - INFO - Inicio de sesión con el correo Pedro@gmail.com
2024-04-20 23:25:57,973 - INFO - Inicio de sesión con el correo Pedro@gmail.com
2024-04-20 23:28:58,589 - INFO - Inicio de sesión con el correo Pedro@gmail.com
2024-04-21 10:37:28,655 - INFO - Inicio de sesión con el correo Pedro@gmail.com
2024-04-21 11:28:40,856 - INFO - Inicio de sesión con el correo Pedro@gmail.com
